<?xml version="1.0" encoding="UTF-8"?>
<coverage generated="1729686881017" clover="3.2.0">
  <project timestamp="1729686881017" name="All files">
    <metrics statements="8" coveredstatements="7" conditionals="30" coveredconditionals="28" methods="5" coveredmethods="4" elements="43" coveredelements="39" complexity="0" loc="8" ncloc="8" packages="1" files="1" classes="1"/>
    <file name="Tweet.tsx" path="/Users/anujsingh/Documents/GitHub/ReactNative/ThoughtWorks/mobiledev-wechatmoments-reactnative/src/features/Tweet/ui/Tweet.tsx">
      <metrics statements="8" coveredstatements="7" conditionals="30" coveredconditionals="28" methods="5" coveredmethods="4"/>
      <line num="19" count="14" type="stmt"/>
      <line num="22" count="14" type="stmt"/>
      <line num="24" count="14" type="stmt"/>
      <line num="58" count="1" type="stmt"/>
      <line num="74" count="21" type="stmt"/>
      <line num="89" count="0" type="stmt"/>
      <line num="99" count="22" type="stmt"/>
      <line num="129" count="1" type="stmt"/>
    </file>
  </project>
</coverage>
