{"/Users/anujsingh/Documents/GitHub/ReactNative/ThoughtWorks/mobiledev-wechatmoments-reactnative/src/features/Tweet/ui/Tweet.tsx": {"path":"/Users/anujsingh/Documents/GitHub/ReactNative/ThoughtWorks/mobiledev-wechatmoments-reactnative/src/features/Tweet/ui/Tweet.tsx","statementMap":{"0":{"start":{"line":19,"column":44},"end":{"line":21,"column":3}},"1":{"start":{"line":22,"column":44},"end":{"line":22,"column":59}},"2":{"start":{"line":24,"column":2},"end":{"line":114,"column":4}},"3":{"start":{"line":58,"column":22},"end":{"line":58,"column":55}},"4":{"start":{"line":74,"column":20},"end":{"line":83,"column":22}},"5":{"start":{"line":89,"column":22},"end":{"line":89,"column":55}},"6":{"start":{"line":99,"column":18},"end":{"line":106,"column":25}},"7":{"start":{"line":129,"column":54},"end":{"line":193,"column":2}}},"fnMap":{"0":{"name":"Tweet","decl":{"start":{"line":18,"column":16},"end":{"line":18,"column":21}},"loc":{"start":{"line":18,"column":58},"end":{"line":115,"column":1}},"line":18},"1":{"name":"(anonymous_1)","decl":{"start":{"line":57,"column":29},"end":{"line":57,"column":30}},"loc":{"start":{"line":57,"column":35},"end":{"line":59,"column":21}},"line":57},"2":{"name":"(anonymous_2)","decl":{"start":{"line":73,"column":24},"end":{"line":73,"column":25}},"loc":{"start":{"line":74,"column":20},"end":{"line":83,"column":22}},"line":74},"3":{"name":"(anonymous_3)","decl":{"start":{"line":88,"column":29},"end":{"line":88,"column":30}},"loc":{"start":{"line":88,"column":35},"end":{"line":90,"column":21}},"line":88},"4":{"name":"(anonymous_4)","decl":{"start":{"line":98,"column":36},"end":{"line":98,"column":37}},"loc":{"start":{"line":99,"column":18},"end":{"line":106,"column":25}},"line":99}},"branchMap":{"0":{"loc":{"start":{"line":20,"column":4},"end":{"line":20,"column":60}},"type":"cond-expr","locations":[{"start":{"line":20,"column":48},"end":{"line":20,"column":52}},{"start":{"line":20,"column":55},"end":{"line":20,"column":60}}],"line":20},"1":{"loc":{"start":{"line":20,"column":4},"end":{"line":20,"column":45}},"type":"binary-expr","locations":[{"start":{"line":20,"column":4},"end":{"line":20,"column":16}},{"start":{"line":20,"column":20},"end":{"line":20,"column":45}}],"line":20},"2":{"loc":{"start":{"line":26,"column":7},"end":{"line":112,"column":7}},"type":"cond-expr","locations":[{"start":{"line":27,"column":8},"end":{"line":29,"column":15}},{"start":{"line":31,"column":8},"end":{"line":111,"column":11}}],"line":26},"3":{"loc":{"start":{"line":26,"column":7},"end":{"line":26,"column":44}},"type":"binary-expr","locations":[{"start":{"line":26,"column":7},"end":{"line":26,"column":18}},{"start":{"line":26,"column":22},"end":{"line":26,"column":44}}],"line":26},"4":{"loc":{"start":{"line":28,"column":29},"end":{"line":28,"column":66}},"type":"binary-expr","locations":[{"start":{"line":28,"column":29},"end":{"line":28,"column":40}},{"start":{"line":28,"column":44},"end":{"line":28,"column":66}}],"line":28},"5":{"loc":{"start":{"line":36,"column":19},"end":{"line":36,"column":46}},"type":"binary-expr","locations":[{"start":{"line":36,"column":19},"end":{"line":36,"column":40}},{"start":{"line":36,"column":44},"end":{"line":36,"column":46}}],"line":36},"6":{"loc":{"start":{"line":44,"column":17},"end":{"line":44,"column":63}},"type":"binary-expr","locations":[{"start":{"line":44,"column":17},"end":{"line":44,"column":36}},{"start":{"line":44,"column":40},"end":{"line":44,"column":63}}],"line":44},"7":{"loc":{"start":{"line":46,"column":15},"end":{"line":63,"column":15}},"type":"binary-expr","locations":[{"start":{"line":46,"column":15},"end":{"line":46,"column":29}},{"start":{"line":47,"column":16},"end":{"line":62,"column":23}}],"line":46},"8":{"loc":{"start":{"line":51,"column":35},"end":{"line":51,"column":64}},"type":"cond-expr","locations":[{"start":{"line":51,"column":51},"end":{"line":51,"column":60}},{"start":{"line":51,"column":63},"end":{"line":51,"column":64}}],"line":51},"9":{"loc":{"start":{"line":60,"column":21},"end":{"line":60,"column":62}},"type":"cond-expr","locations":[{"start":{"line":60,"column":37},"end":{"line":60,"column":48}},{"start":{"line":60,"column":51},"end":{"line":60,"column":62}}],"line":60},"10":{"loc":{"start":{"line":65,"column":13},"end":{"line":95,"column":13}},"type":"binary-expr","locations":[{"start":{"line":65,"column":13},"end":{"line":65,"column":34}},{"start":{"line":66,"column":14},"end":{"line":94,"column":21}}],"line":65},"11":{"loc":{"start":{"line":70,"column":20},"end":{"line":72,"column":46}},"type":"cond-expr","locations":[{"start":{"line":71,"column":22},"end":{"line":71,"column":34}},{"start":{"line":72,"column":22},"end":{"line":72,"column":46}}],"line":70},"12":{"loc":{"start":{"line":79,"column":29},"end":{"line":79,"column":45}},"type":"binary-expr","locations":[{"start":{"line":79,"column":29},"end":{"line":79,"column":39}},{"start":{"line":79,"column":43},"end":{"line":79,"column":45}}],"line":79},"13":{"loc":{"start":{"line":86,"column":17},"end":{"line":93,"column":17}},"type":"binary-expr","locations":[{"start":{"line":86,"column":17},"end":{"line":86,"column":42}},{"start":{"line":87,"column":18},"end":{"line":92,"column":37}}],"line":86},"14":{"loc":{"start":{"line":96,"column":13},"end":{"line":109,"column":13}},"type":"binary-expr","locations":[{"start":{"line":96,"column":13},"end":{"line":96,"column":27}},{"start":{"line":97,"column":14},"end":{"line":108,"column":21}}],"line":96}},"s":{"0":14,"1":14,"2":14,"3":1,"4":21,"5":0,"6":22,"7":1},"f":{"0":14,"1":1,"2":21,"3":0,"4":22},"b":{"0":[12,2],"1":[14,12],"2":[2,12],"3":[14,13],"4":[2,1],"5":[12,1],"6":[12,1],"7":[12,12],"8":[1,11],"9":[1,11],"10":[12,11],"11":[11,0],"12":[21,1],"13":[11,0],"14":[12,11]},"_coverageSchema":"1a1c01bbd47fc00a2c39e90264f33305004495a9","hash":"b79585cc1b74cb24491552439f9982130f6da834"}
}
