TN:
SF:src/features/Tweet/ui/Tweet.tsx
FN:18,Tweet
FN:57,(anonymous_1)
FN:73,(anonymous_2)
FN:88,(anonymous_3)
FN:98,(anonymous_4)
FNF:5
FNH:4
FNDA:14,Tweet
FNDA:1,(anonymous_1)
FNDA:21,(anonymous_2)
FNDA:0,(anonymous_3)
FNDA:22,(anonymous_4)
DA:19,14
DA:22,14
DA:24,14
DA:58,1
DA:74,21
DA:89,0
DA:99,22
DA:129,1
LF:8
LH:7
BRDA:20,0,0,12
BRDA:20,0,1,2
BRDA:20,1,0,14
BRDA:20,1,1,12
BRDA:26,2,0,2
BRDA:26,2,1,12
BRDA:26,3,0,14
BRDA:26,3,1,13
BRDA:28,4,0,2
BRDA:28,4,1,1
BRDA:36,5,0,12
BRDA:36,5,1,1
BRDA:44,6,0,12
BRDA:44,6,1,1
BRDA:46,7,0,12
BRDA:46,7,1,12
BRDA:51,8,0,1
BRDA:51,8,1,11
BRDA:60,9,0,1
BRDA:60,9,1,11
BRDA:65,10,0,12
BRDA:65,10,1,11
BRDA:70,11,0,11
BRDA:70,11,1,0
BRDA:79,12,0,21
BRDA:79,12,1,1
BRDA:86,13,0,11
BRDA:86,13,1,0
BRDA:96,14,0,12
BRDA:96,14,1,11
BRF:30
BRH:28
end_of_record
